<?xml version="1.0" encoding="UTF-8"?>
<!-- Generated by org.testng.reporters.JUnitReportReporter -->
<testsuite hostname="nazli" failures="0" tests="1" name="secondTask.Tests" time="46.374" errors="0" timestamp="2021-12-02T21:19:36 EET" skipped="0">
  <testcase classname="secondTask.Tests" name="listOfUsers" time="46.374"/>
  <system-out/>
</testsuite> <!-- secondTask.Tests -->
