<?xml version="1.0" encoding="UTF-8"?>
<!-- Generated by org.testng.reporters.JUnitReportReporter -->
<testsuite hostname="nazli" failures="0" tests="1" name="firstTask.Tests" time="10.375" errors="0" timestamp="2021-12-01T19:35:13 EET" skipped="0">
  <testcase classname="firstTask.Tests" name="testOfFirstTask" time="10.375"/>
  <system-out/>
</testsuite> <!-- firstTask.Tests -->
